<?xml version="1.0" encoding="UTF-8"?>
<!-- Generated by org.testng.reporters.JUnitReportReporter -->
<testsuite hostname="DESKTOP-090I7SE" failures="0" tests="1" name="testCases.TC_002_LoginTest" time="6.847" errors="0" timestamp="2021-08-18T01:11:10 IST" skipped="0">
  <testcase classname="testCases.TC_002_LoginTest" name="test_Login" time="6.847"/>
  <system-out/>
</testsuite> <!-- testCases.TC_002_LoginTest -->
