<?xml version="1.0" encoding="UTF-8"?>
<!-- Generated by org.testng.reporters.JUnitReportReporter -->
<testsuite hostname="DESKTOP-090I7SE" failures="0" tests="1" name="testCases.TC_001_AccountRegistration" time="6.593" errors="0" timestamp="2021-08-18T22:45:43 IST" skipped="0">
  <testcase classname="testCases.TC_001_AccountRegistration" name="test_accounts_registration" time="6.593"/>
  <system-out/>
</testsuite> <!-- testCases.TC_001_AccountRegistration -->
